<?xml version="1.0" encoding="UTF-8"?>
<testsuites name="Smoke Tests for Mobile Browsers" time="22.492" tests="1" failures="0" errors="0">
   <testsuite name="Smoke Tests for Mobile Browsers" tests="1" failures="0" errors="0" time="22.492" skipped="0" timestamp="01-02-2024T14:17:29" hostname="mprag - LAPTOP-8J3R7791" id="Test Suites/Smoke Tests for Mobile Browsers">
      <properties>
         <property name="deviceName" value=""/>
         <property name="devicePlatform" value=""/>
         <property name="logFolder" value="C:\\Users\\mprag\\Katalon Studio\\Smaple mobile project\\Reports\\20240201_141719\\Smoke Tests for Mobile Browsers\\20240201_141719"/>
         <property name="logFiles" value="C:\\Users\\mprag\\Katalon Studio\\Smaple mobile project\\Reports\\20240201_141719\\Smoke Tests for Mobile Browsers\\20240201_141719\\execution0.log"/>
         <property name="attachments" value=""/>
         <property name="hostName" value="mprag - LAPTOP-8J3R7791"/>
         <property name="os" value="Windows 11 64bit"/>
         <property name="katalonVersion" value="9.2.0.212"/>
         <property name="browser" value="Chrome 120.0.0.0"/>
         <property name="hostAddress" value="192.168.199.17"/>
         <property name="sessionId" value="da555c7447ff8c8d5d1a971e502bf977"/>
         <property name="seleniumVersion" value="3.141.59"/>
         <property name="proxyInformation" value="ProxyInformation { proxyOption=NO_PROXY, proxyServerType=HTTP, username=, password=********, proxyServerAddress=, proxyServerPort=0, executionList=&quot;&quot;, isApplyToDesiredCapabilities=true }"/>
         <property name="platform" value="Windows 11"/>
      </properties>
      <testcase name="Test Cases/Verify Login CURA System Successfully - Mobile Browsers" time="22.068" classname="Test Cases/Verify Login CURA System Successfully - Mobile Browsers" status="PASSED">
         <system-out><![CDATA[01-02-2024T14:17:30 - [TEST_CASE][PASSED] - Test Cases/Verify Login CURA System Successfully - Mobile Browsers: Test Cases/Verify Login CURA System Successfully - Mobile Browsers

01-02-2024T14:17:30 - [TEST_STEP][PASSED] - comment("Story: Login to CURA system"): Story: Login to CURA system

01-02-2024T14:17:30 - [MESSAGE][INFO] - Story: Login to CURA system

01-02-2024T14:17:30 - [TEST_STEP][PASSED] - comment("Given that the user has the valid login information"): Given that the user has the valid login information

01-02-2024T14:17:30 - [MESSAGE][INFO] - Given that the user has the valid login information

01-02-2024T14:17:30 - [TEST_STEP][PASSED] - openBrowser(G_SiteURL): Browser is opened with url: 'https://katalon-demo-cura.herokuapp.com/'

01-02-2024T14:17:31 - [MESSAGE][INFO] - Starting 'Chrome' driver

01-02-2024T14:17:31 - [MESSAGE][INFO] - Action delay is set to 0 milliseconds

01-02-2024T14:17:39 - [MESSAGE][PASSED] - Browser is opened with url: 'https://katalon-demo-cura.herokuapp.com/'

01-02-2024T14:17:39 - [TEST_STEP][PASSED] - click(findTestObject("Web Browser/btn_MakeAppointment")): Object: 'Object Repository/Web Browser/btn_MakeAppointment' is clicked on

01-02-2024T14:17:40 - [MESSAGE][PASSED] - Object: 'Object Repository/Web Browser/btn_MakeAppointment' is clicked on

01-02-2024T14:17:40 - [TEST_STEP][PASSED] - setText(findTestObject("Web Browser/txt_Username"), Username): Text 'John Doe' is set on object 'Object Repository/Web Browser/txt_Username'

01-02-2024T14:17:44 - [MESSAGE][PASSED] - Text 'John Doe' is set on object 'Object Repository/Web Browser/txt_Username'

01-02-2024T14:17:44 - [TEST_STEP][PASSED] - setEncryptedText(findTestObject("Web Browser/txt_Password"), Password): Text ****** has been set on object 'Object Repository/Web Browser/txt_Password'

01-02-2024T14:17:46 - [MESSAGE][PASSED] - Text ****** has been set on object 'Object Repository/Web Browser/txt_Password'

01-02-2024T14:17:46 - [TEST_STEP][PASSED] - comment("When he logins to CURA system"): When he logins to CURA system

01-02-2024T14:17:46 - [MESSAGE][INFO] - When he logins to CURA system

01-02-2024T14:17:46 - [TEST_STEP][PASSED] - click(findTestObject("Web Browser/btn_Login")): Object: 'Object Repository/Web Browser/btn_Login' is clicked on

01-02-2024T14:17:50 - [MESSAGE][PASSED] - Object: 'Object Repository/Web Browser/btn_Login' is clicked on

01-02-2024T14:17:50 - [TEST_STEP][PASSED] - comment("Then he should be able to login successfully"): Then he should be able to login successfully

01-02-2024T14:17:50 - [MESSAGE][INFO] - Then he should be able to login successfully

01-02-2024T14:17:50 - [TEST_STEP][PASSED] - verifyTextPresent("Make Appointment", false): Text 'Make Appointment' is present on page 

01-02-2024T14:17:51 - [MESSAGE][PASSED] - Text 'Make Appointment' is present on page 

01-02-2024T14:17:51 - [TEST_STEP][PASSED] - closeBrowser(): Browser is closed

01-02-2024T14:17:52 - [MESSAGE][PASSED] - Browser is closed]]></system-out>
         <system-err><![CDATA[]]></system-err>
      </testcase>
      <system-out><![CDATA[01-02-2024T14:17:29 - [TEST_SUITE][PASSED] - Smoke Tests for Mobile Browsers: Test Cases/Verify Login CURA System Successfully - Mobile Browsers]]></system-out>
      <system-err><![CDATA[]]></system-err>
   </testsuite>
</testsuites>
